The system is: Linux - 6.5.0-21-generic - x86_64
Compiling the HIP compiler identification source file "CMakeHIPCompilerId.hip" succeeded.
Compiler: /opt/rocm-6.0.2/llvm/bin/clang++ 
Build flags: 
Id flags: -v 

The output was:
0
AMD clang version 17.0.0 (https://github.com/RadeonOpenCompute/llvm-project roc-6.0.2 24012 af27734ed982b52a9f1be0f035ac91726fc697e4)
Target: x86_64-unknown-linux-gnu
Thread model: posix
InstalledDir: /opt/rocm-6.0.2/llvm/bin
Configuration file: /opt/rocm-6.0.2/lib/llvm/bin/clang++.cfg
Found candidate GCC installation: /usr/lib/gcc/x86_64-linux-gnu/11
Found candidate GCC installation: /usr/lib/gcc/x86_64-linux-gnu/12
Selected GCC installation: /usr/lib/gcc/x86_64-linux-gnu/12
Candidate multilib: .;@m64
Selected multilib: .;@m64
Found HIP installation: /opt/rocm-6.0.2/lib/llvm/bin/../../.., version 6.0.32831
 "/opt/rocm-6.0.2/lib/llvm/bin/clang-17" -cc1 -triple amdgcn-amd-amdhsa -aux-triple x86_64-unknown-linux-gnu -emit-obj -mrelax-all -disable-free -clear-ast-before-backend -disable-llvm-verifier -discard-value-names -main-file-name CMakeHIPCompilerId.hip -mrelocation-model pic -pic-level 2 -fhalf-no-semantic-interposition -mframe-pointer=all -fno-rounding-math -mconstructor-aliases -aux-target-cpu x86-64 -fcuda-is-device -mllvm -amdgpu-internalize-symbols -fcuda-allow-variadic-functions -fvisibility=hidden -fapply-global-visibility-to-externs -mlink-builtin-bitcode /opt/rocm-6.0.2/lib/llvm/lib/clang/17.0.0/lib/amdgcn/bitcode/hip.bc -mlink-builtin-bitcode /opt/rocm-6.0.2/lib/llvm/lib/clang/17.0.0/lib/amdgcn/bitcode/ocml.bc -mlink-builtin-bitcode /opt/rocm-6.0.2/lib/llvm/lib/clang/17.0.0/lib/amdgcn/bitcode/ockl.bc -mlink-builtin-bitcode /opt/rocm-6.0.2/lib/llvm/lib/clang/17.0.0/lib/amdgcn/bitcode/oclc_daz_opt_off.bc -mlink-builtin-bitcode /opt/rocm-6.0.2/lib/llvm/lib/clang/17.0.0/lib/amdgcn/bitcode/oclc_unsafe_math_off.bc -mlink-builtin-bitcode /opt/rocm-6.0.2/lib/llvm/lib/clang/17.0.0/lib/amdgcn/bitcode/oclc_finite_only_off.bc -mlink-builtin-bitcode /opt/rocm-6.0.2/lib/llvm/lib/clang/17.0.0/lib/amdgcn/bitcode/oclc_correctly_rounded_sqrt_on.bc -mlink-builtin-bitcode /opt/rocm-6.0.2/lib/llvm/lib/clang/17.0.0/lib/amdgcn/bitcode/oclc_wavefrontsize64_on.bc -mlink-builtin-bitcode /opt/rocm-6.0.2/lib/llvm/lib/clang/17.0.0/lib/amdgcn/bitcode/oclc_isa_version_906.bc -mlink-builtin-bitcode /opt/rocm-6.0.2/lib/llvm/lib/clang/17.0.0/lib/amdgcn/bitcode/oclc_abi_version_500.bc -target-cpu gfx906 -debugger-tuning=gdb -v -resource-dir /opt/rocm-6.0.2/lib/llvm/lib/clang/17.0.0 -internal-isystem /opt/rocm-6.0.2/lib/llvm/lib/clang/17.0.0/include/cuda_wrappers -idirafter /opt/rocm-6.0.2/lib/llvm/bin/../../../include -include __clang_hip_runtime_wrapper.h -c-isystem /opt/rocm-6.0.2/llvm/include/gpu-none-llvm -internal-isystem /usr/lib/gcc/x86_64-linux-gnu/12/../../../../include/c++/12 -internal-isystem /usr/lib/gcc/x86_64-linux-gnu/12/../../../../include/x86_64-linux-gnu/c++/12 -internal-isystem /usr/lib/gcc/x86_64-linux-gnu/12/../../../../include/c++/12/backward -internal-isystem /usr/lib/gcc/x86_64-linux-gnu/12/../../../../include/c++/12 -internal-isystem /usr/lib/gcc/x86_64-linux-gnu/12/../../../../include/x86_64-linux-gnu/c++/12 -internal-isystem /usr/lib/gcc/x86_64-linux-gnu/12/../../../../include/c++/12/backward -internal-isystem /opt/rocm-6.0.2/lib/llvm/lib/clang/17.0.0/include -internal-isystem /usr/local/include -internal-isystem /usr/lib/gcc/x86_64-linux-gnu/12/../../../../x86_64-linux-gnu/include -internal-externc-isystem /usr/include/x86_64-linux-gnu -internal-externc-isystem /include -internal-externc-isystem /usr/include -internal-isystem /opt/rocm-6.0.2/lib/llvm/lib/clang/17.0.0/include -internal-isystem /usr/local/include -internal-isystem /usr/lib/gcc/x86_64-linux-gnu/12/../../../../x86_64-linux-gnu/include -internal-externc-isystem /usr/include/x86_64-linux-gnu -internal-externc-isystem /include -internal-externc-isystem /usr/include -fdeprecated-macro -fno-autolink -fdebug-compilation-dir=/home/rocm-user/project/HIP_example/HIP-Examples/clang/build/CMakeFiles/3.22.1/CompilerIdHIP -ferror-limit 19 -fhip-new-launch-api -fgnuc-version=4.2.1 -fcxx-exceptions -fexceptions -cuid=a8310ffc658cdde4 -fcuda-allow-variadic-functions -faddrsig -D__GCC_HAVE_DWARF2_CFI_ASM=1 -o /tmp/CMakeHIPCompilerId-gfx906-27645e.o -x hip CMakeHIPCompilerId.hip
clang -cc1 version 17.0.0 based upon LLVM 17.0.0git default target x86_64-unknown-linux-gnu
ignoring nonexistent directory "/opt/rocm-6.0.2/llvm/include/gpu-none-llvm"
ignoring nonexistent directory "/usr/lib/gcc/x86_64-linux-gnu/12/../../../../x86_64-linux-gnu/include"
ignoring nonexistent directory "/include"
ignoring nonexistent directory "/usr/lib/gcc/x86_64-linux-gnu/12/../../../../x86_64-linux-gnu/include"
ignoring nonexistent directory "/include"
ignoring duplicate directory "/usr/lib/gcc/x86_64-linux-gnu/12/../../../../include/c++/12"
ignoring duplicate directory "/usr/lib/gcc/x86_64-linux-gnu/12/../../../../include/x86_64-linux-gnu/c++/12"
ignoring duplicate directory "/usr/lib/gcc/x86_64-linux-gnu/12/../../../../include/c++/12/backward"
ignoring duplicate directory "/opt/rocm-6.0.2/lib/llvm/lib/clang/17.0.0/include"
ignoring duplicate directory "/usr/local/include"
ignoring duplicate directory "/usr/include/x86_64-linux-gnu"
ignoring duplicate directory "/usr/include"
ignoring duplicate directory "/usr/local/include"
ignoring duplicate directory "/opt/rocm-6.0.2/lib/llvm/lib/clang/17.0.0/include"
ignoring duplicate directory "/usr/include"
#include "..." search starts here:
#include <...> search starts here:
 /opt/rocm-6.0.2/lib/llvm/lib/clang/17.0.0/include/cuda_wrappers
 /usr/lib/gcc/x86_64-linux-gnu/12/../../../../include/c++/12
 /usr/lib/gcc/x86_64-linux-gnu/12/../../../../include/x86_64-linux-gnu/c++/12
 /usr/lib/gcc/x86_64-linux-gnu/12/../../../../include/c++/12/backward
 /opt/rocm-6.0.2/lib/llvm/lib/clang/17.0.0/include
 /usr/local/include
 /usr/include/x86_64-linux-gnu
 /usr/include
 /opt/rocm-6.0.2/lib/llvm/bin/../../../include
End of search list.
 "/opt/rocm-6.0.2/llvm/bin/lld" -flavor gnu -m elf64_amdgpu --no-undefined -shared -plugin-opt=-amdgpu-internalize-symbols -plugin-opt=mcpu=gfx906 --whole-archive -o /tmp/CMakeHIPCompilerId-gfx906-b8fd8e.out /tmp/CMakeHIPCompilerId-gfx906-27645e.o --no-whole-archive
 "/opt/rocm-6.0.2/llvm/bin/clang-offload-bundler" -type=o -bundle-align=4096 -targets=host-x86_64-unknown-linux,hipv4-amdgcn-amd-amdhsa--gfx906 -input=/dev/null -input=/tmp/CMakeHIPCompilerId-gfx906-b8fd8e.out -output=/tmp/CMakeHIPCompilerId-fddfd8.hipfb
 "/opt/rocm-6.0.2/lib/llvm/bin/clang-17" -cc1 -triple x86_64-unknown-linux-gnu -aux-triple amdgcn-amd-amdhsa -emit-obj -mrelax-all -disable-free -clear-ast-before-backend -disable-llvm-verifier -discard-value-names -main-file-name CMakeHIPCompilerId.hip -mrelocation-model static -mframe-pointer=all -fmath-errno -fno-rounding-math -mconstructor-aliases -funwind-tables=2 -target-cpu x86-64 -tune-cpu generic -debugger-tuning=gdb -v -fcoverage-compilation-dir=/home/rocm-user/project/HIP_example/HIP-Examples/clang/build/CMakeFiles/3.22.1/CompilerIdHIP -resource-dir /opt/rocm-6.0.2/lib/llvm/lib/clang/17.0.0 -internal-isystem /opt/rocm-6.0.2/lib/llvm/lib/clang/17.0.0/include/cuda_wrappers -idirafter /opt/rocm-6.0.2/lib/llvm/bin/../../../include -include __clang_hip_runtime_wrapper.h -internal-isystem /usr/lib/gcc/x86_64-linux-gnu/12/../../../../include/c++/12 -internal-isystem /usr/lib/gcc/x86_64-linux-gnu/12/../../../../include/x86_64-linux-gnu/c++/12 -internal-isystem /usr/lib/gcc/x86_64-linux-gnu/12/../../../../include/c++/12/backward -internal-isystem /usr/lib/gcc/x86_64-linux-gnu/12/../../../../include/c++/12 -internal-isystem /usr/lib/gcc/x86_64-linux-gnu/12/../../../../include/x86_64-linux-gnu/c++/12 -internal-isystem /usr/lib/gcc/x86_64-linux-gnu/12/../../../../include/c++/12/backward -internal-isystem /opt/rocm-6.0.2/lib/llvm/lib/clang/17.0.0/include -internal-isystem /usr/local/include -internal-isystem /usr/lib/gcc/x86_64-linux-gnu/12/../../../../x86_64-linux-gnu/include -internal-externc-isystem /usr/include/x86_64-linux-gnu -internal-externc-isystem /include -internal-externc-isystem /usr/include -internal-isystem /opt/rocm-6.0.2/lib/llvm/lib/clang/17.0.0/include -internal-isystem /usr/local/include -internal-isystem /usr/lib/gcc/x86_64-linux-gnu/12/../../../../x86_64-linux-gnu/include -internal-externc-isystem /usr/include/x86_64-linux-gnu -internal-externc-isystem /include -internal-externc-isystem /usr/include -fdeprecated-macro -fdebug-compilation-dir=/home/rocm-user/project/HIP_example/HIP-Examples/clang/build/CMakeFiles/3.22.1/CompilerIdHIP -ferror-limit 19 -fhip-new-launch-api -fgnuc-version=4.2.1 -fcxx-exceptions -fexceptions -fcuda-include-gpubinary /tmp/CMakeHIPCompilerId-fddfd8.hipfb -cuid=a8310ffc658cdde4 -fcuda-allow-variadic-functions -faddrsig -D__GCC_HAVE_DWARF2_CFI_ASM=1 -o /tmp/CMakeHIPCompilerId-942bb2.o -x hip CMakeHIPCompilerId.hip
clang -cc1 version 17.0.0 based upon LLVM 17.0.0git default target x86_64-unknown-linux-gnu
ignoring nonexistent directory "/usr/lib/gcc/x86_64-linux-gnu/12/../../../../x86_64-linux-gnu/include"
ignoring nonexistent directory "/include"
ignoring nonexistent directory "/usr/lib/gcc/x86_64-linux-gnu/12/../../../../x86_64-linux-gnu/include"
ignoring nonexistent directory "/include"
ignoring duplicate directory "/usr/lib/gcc/x86_64-linux-gnu/12/../../../../include/c++/12"
ignoring duplicate directory "/usr/lib/gcc/x86_64-linux-gnu/12/../../../../include/x86_64-linux-gnu/c++/12"
ignoring duplicate directory "/usr/lib/gcc/x86_64-linux-gnu/12/../../../../include/c++/12/backward"
ignoring duplicate directory "/opt/rocm-6.0.2/lib/llvm/lib/clang/17.0.0/include"
ignoring duplicate directory "/usr/local/include"
ignoring duplicate directory "/usr/include/x86_64-linux-gnu"
ignoring duplicate directory "/usr/include"
#include "..." search starts here:
#include <...> search starts here:
 /opt/rocm-6.0.2/lib/llvm/lib/clang/17.0.0/include/cuda_wrappers
 /usr/lib/gcc/x86_64-linux-gnu/12/../../../../include/c++/12
 /usr/lib/gcc/x86_64-linux-gnu/12/../../../../include/x86_64-linux-gnu/c++/12
 /usr/lib/gcc/x86_64-linux-gnu/12/../../../../include/c++/12/backward
 /opt/rocm-6.0.2/lib/llvm/lib/clang/17.0.0/include
 /usr/local/include
 /usr/include/x86_64-linux-gnu
 /usr/include
 /opt/rocm-6.0.2/lib/llvm/bin/../../../include
End of search list.
 "/opt/rocm-6.0.2/llvm/bin/ld.lld" -z relro --hash-style=gnu --eh-frame-hdr -m elf_x86_64 -dynamic-linker /lib64/ld-linux-x86-64.so.2 -o a.out /lib/x86_64-linux-gnu/crt1.o /lib/x86_64-linux-gnu/crti.o /opt/rocm-6.0.2/lib/llvm/lib/clang/17.0.0/lib/linux/clang_rt.crtbegin-x86_64.o -L/usr/lib/gcc/x86_64-linux-gnu/12 -L/usr/lib/gcc/x86_64-linux-gnu/12/../../../../lib64 -L/lib/x86_64-linux-gnu -L/lib/../lib64 -L/usr/lib/x86_64-linux-gnu -L/usr/lib/../lib64 -L/lib -L/usr/lib --enable-new-dtags /tmp/CMakeHIPCompilerId-942bb2.o -lstdc++ -lm /opt/rocm-6.0.2/lib/llvm/lib/clang/17.0.0/lib/linux/libclang_rt.builtins-x86_64.a -lgcc_s -lc /opt/rocm-6.0.2/lib/llvm/lib/clang/17.0.0/lib/linux/libclang_rt.builtins-x86_64.a -lgcc_s /opt/rocm-6.0.2/lib/llvm/lib/clang/17.0.0/lib/linux/clang_rt.crtend-x86_64.o /lib/x86_64-linux-gnu/crtn.o


Compilation of the HIP compiler identification source "CMakeHIPCompilerId.hip" produced "a.out"

The HIP compiler identification is Clang, found in "/home/rocm-user/project/HIP_example/HIP-Examples/clang/build/CMakeFiles/3.22.1/CompilerIdHIP/a.out"

Detecting HIP compiler ABI info compiled with the following output:
Change Dir: /home/rocm-user/project/HIP_example/HIP-Examples/clang/build/CMakeFiles/CMakeTmp

Run Build Command(s):/usr/bin/gmake -f Makefile cmTC_d3846/fast && /usr/bin/gmake  -f CMakeFiles/cmTC_d3846.dir/build.make CMakeFiles/cmTC_d3846.dir/build
gmake[1]: Entering directory '/home/rocm-user/project/HIP_example/HIP-Examples/clang/build/CMakeFiles/CMakeTmp'
Building HIP object CMakeFiles/cmTC_d3846.dir/CMakeHIPCompilerABI.hip.o
/opt/rocm-6.0.2/llvm/bin/clang++ -D__HIP_ROCclr__=1 -isystem /opt/rocm-6.0.2/include --cuda-host-only  --offload-arch=gfx1100   -v -mllvm -amdgpu-early-inline-all=true -mllvm -amdgpu-function-calls=false -o CMakeFiles/cmTC_d3846.dir/CMakeHIPCompilerABI.hip.o -x hip -c /usr/share/cmake-3.22/Modules/CMakeHIPCompilerABI.hip
AMD clang version 17.0.0 (https://github.com/RadeonOpenCompute/llvm-project roc-6.0.2 24012 af27734ed982b52a9f1be0f035ac91726fc697e4)
Target: x86_64-unknown-linux-gnu
Thread model: posix
InstalledDir: /opt/rocm-6.0.2/llvm/bin
Configuration file: /opt/rocm-6.0.2/lib/llvm/bin/clang++.cfg
Found candidate GCC installation: /usr/lib/gcc/x86_64-linux-gnu/11
Found candidate GCC installation: /usr/lib/gcc/x86_64-linux-gnu/12
Selected GCC installation: /usr/lib/gcc/x86_64-linux-gnu/12
Candidate multilib: .;@m64
Selected multilib: .;@m64
Found HIP installation: /opt/rocm-6.0.2/lib/llvm/bin/../../.., version 6.0.32831
 (in-process)
 "/opt/rocm-6.0.2/lib/llvm/bin/clang-17" -cc1 -triple x86_64-unknown-linux-gnu -aux-triple amdgcn-amd-amdhsa -emit-obj -mrelax-all -disable-free -clear-ast-before-backend -disable-llvm-verifier -discard-value-names -main-file-name CMakeHIPCompilerABI.hip -mrelocation-model static -mframe-pointer=all -fmath-errno -fno-rounding-math -mconstructor-aliases -funwind-tables=2 -target-cpu x86-64 -tune-cpu generic -debugger-tuning=gdb -v -fcoverage-compilation-dir=/home/rocm-user/project/HIP_example/HIP-Examples/clang/build/CMakeFiles/CMakeTmp -resource-dir /opt/rocm-6.0.2/lib/llvm/lib/clang/17.0.0 -internal-isystem /opt/rocm-6.0.2/lib/llvm/lib/clang/17.0.0/include/cuda_wrappers -idirafter /opt/rocm-6.0.2/lib/llvm/bin/../../../include -include __clang_hip_runtime_wrapper.h -isystem /opt/rocm-6.0.2/include -D __HIP_ROCclr__=1 -internal-isystem /usr/lib/gcc/x86_64-linux-gnu/12/../../../../include/c++/12 -internal-isystem /usr/lib/gcc/x86_64-linux-gnu/12/../../../../include/x86_64-linux-gnu/c++/12 -internal-isystem /usr/lib/gcc/x86_64-linux-gnu/12/../../../../include/c++/12/backward -internal-isystem /usr/lib/gcc/x86_64-linux-gnu/12/../../../../include/c++/12 -internal-isystem /usr/lib/gcc/x86_64-linux-gnu/12/../../../../include/x86_64-linux-gnu/c++/12 -internal-isystem /usr/lib/gcc/x86_64-linux-gnu/12/../../../../include/c++/12/backward -internal-isystem /opt/rocm-6.0.2/lib/llvm/lib/clang/17.0.0/include -internal-isystem /usr/local/include -internal-isystem /usr/lib/gcc/x86_64-linux-gnu/12/../../../../x86_64-linux-gnu/include -internal-externc-isystem /usr/include/x86_64-linux-gnu -internal-externc-isystem /include -internal-externc-isystem /usr/include -internal-isystem /opt/rocm-6.0.2/lib/llvm/lib/clang/17.0.0/include -internal-isystem /usr/local/include -internal-isystem /usr/lib/gcc/x86_64-linux-gnu/12/../../../../x86_64-linux-gnu/include -internal-externc-isystem /usr/include/x86_64-linux-gnu -internal-externc-isystem /include -internal-externc-isystem /usr/include -fdeprecated-macro -fdebug-compilation-dir=/home/rocm-user/project/HIP_example/HIP-Examples/clang/build/CMakeFiles/CMakeTmp -ferror-limit 19 -fhip-new-launch-api -fgnuc-version=4.2.1 -fcxx-exceptions -fexceptions -mllvm -amdgpu-early-inline-all=true -mllvm -amdgpu-function-calls=false -fcuda-allow-variadic-functions -faddrsig -D__GCC_HAVE_DWARF2_CFI_ASM=1 -o CMakeFiles/cmTC_d3846.dir/CMakeHIPCompilerABI.hip.o -x hip /usr/share/cmake-3.22/Modules/CMakeHIPCompilerABI.hip
clang -cc1 version 17.0.0 based upon LLVM 17.0.0git default target x86_64-unknown-linux-gnu
ignoring nonexistent directory "/usr/lib/gcc/x86_64-linux-gnu/12/../../../../x86_64-linux-gnu/include"
ignoring nonexistent directory "/include"
ignoring nonexistent directory "/usr/lib/gcc/x86_64-linux-gnu/12/../../../../x86_64-linux-gnu/include"
ignoring nonexistent directory "/include"
ignoring duplicate directory "/usr/lib/gcc/x86_64-linux-gnu/12/../../../../include/c++/12"
ignoring duplicate directory "/usr/lib/gcc/x86_64-linux-gnu/12/../../../../include/x86_64-linux-gnu/c++/12"
ignoring duplicate directory "/usr/lib/gcc/x86_64-linux-gnu/12/../../../../include/c++/12/backward"
ignoring duplicate directory "/opt/rocm-6.0.2/lib/llvm/lib/clang/17.0.0/include"
ignoring duplicate directory "/usr/local/include"
ignoring duplicate directory "/usr/include/x86_64-linux-gnu"
ignoring duplicate directory "/usr/include"
ignoring duplicate directory "/opt/rocm-6.0.2/lib/llvm/bin/../../../include"
#include "..." search starts here:
#include <...> search starts here:
 /opt/rocm-6.0.2/lib/llvm/bin/../../../include
 /opt/rocm-6.0.2/lib/llvm/lib/clang/17.0.0/include/cuda_wrappers
 /usr/lib/gcc/x86_64-linux-gnu/12/../../../../include/c++/12
 /usr/lib/gcc/x86_64-linux-gnu/12/../../../../include/x86_64-linux-gnu/c++/12
 /usr/lib/gcc/x86_64-linux-gnu/12/../../../../include/c++/12/backward
 /opt/rocm-6.0.2/lib/llvm/lib/clang/17.0.0/include
 /usr/local/include
 /usr/include/x86_64-linux-gnu
 /usr/include
End of search list.
Linking HIP executable cmTC_d3846
/usr/bin/cmake -E cmake_link_script CMakeFiles/cmTC_d3846.dir/link.txt --verbose=1
/opt/rocm-6.0.2/llvm/bin/clang++  --cuda-host-only  --offload-arch=gfx1100  -v --hip-link --rtlib=compiler-rt -unwindlib=libgcc CMakeFiles/cmTC_d3846.dir/CMakeHIPCompilerABI.hip.o -o cmTC_d3846  /opt/rocm-6.0.2/lib/libamdhip64.so.6.0.60002 
AMD clang version 17.0.0 (https://github.com/RadeonOpenCompute/llvm-project roc-6.0.2 24012 af27734ed982b52a9f1be0f035ac91726fc697e4)
Target: x86_64-unknown-linux-gnu
Thread model: posix
InstalledDir: /opt/rocm-6.0.2/llvm/bin
Configuration file: /opt/rocm-6.0.2/lib/llvm/bin/clang++.cfg
Found candidate GCC installation: /usr/lib/gcc/x86_64-linux-gnu/11
Found candidate GCC installation: /usr/lib/gcc/x86_64-linux-gnu/12
Selected GCC installation: /usr/lib/gcc/x86_64-linux-gnu/12
Candidate multilib: .;@m64
Selected multilib: .;@m64
Found HIP installation: /opt/rocm-6.0.2/lib/llvm/bin/../../.., version 6.0.32831
 "/opt/rocm-6.0.2/llvm/bin/ld.lld" -z relro --hash-style=gnu --eh-frame-hdr -m elf_x86_64 -dynamic-linker /lib64/ld-linux-x86-64.so.2 -o cmTC_d3846 /lib/x86_64-linux-gnu/crt1.o /lib/x86_64-linux-gnu/crti.o /opt/rocm-6.0.2/lib/llvm/lib/clang/17.0.0/lib/linux/clang_rt.crtbegin-x86_64.o -L/usr/lib/gcc/x86_64-linux-gnu/12 -L/usr/lib/gcc/x86_64-linux-gnu/12/../../../../lib64 -L/lib/x86_64-linux-gnu -L/lib/../lib64 -L/usr/lib/x86_64-linux-gnu -L/usr/lib/../lib64 -L/lib -L/usr/lib --enable-new-dtags CMakeFiles/cmTC_d3846.dir/CMakeHIPCompilerABI.hip.o /opt/rocm-6.0.2/lib/libamdhip64.so.6.0.60002 -L/opt/rocm-6.0.2/lib/llvm/bin/../../../lib -rpath /opt/rocm-6.0.2/lib/llvm/bin/../../../lib -lamdhip64 -lstdc++ -lm /opt/rocm-6.0.2/lib/llvm/lib/clang/17.0.0/lib/linux/libclang_rt.builtins-x86_64.a -lgcc_s -lc /opt/rocm-6.0.2/lib/llvm/lib/clang/17.0.0/lib/linux/libclang_rt.builtins-x86_64.a -lgcc_s /opt/rocm-6.0.2/lib/llvm/lib/clang/17.0.0/lib/linux/clang_rt.crtend-x86_64.o /lib/x86_64-linux-gnu/crtn.o
gmake[1]: Leaving directory '/home/rocm-user/project/HIP_example/HIP-Examples/clang/build/CMakeFiles/CMakeTmp'



Parsed HIP implicit include dir info from above output: rv=done
  found start of include info
  found start of implicit include info
    add: [/opt/rocm-6.0.2/lib/llvm/bin/../../../include]
    add: [/opt/rocm-6.0.2/lib/llvm/lib/clang/17.0.0/include/cuda_wrappers]
    add: [/usr/lib/gcc/x86_64-linux-gnu/12/../../../../include/c++/12]
    add: [/usr/lib/gcc/x86_64-linux-gnu/12/../../../../include/x86_64-linux-gnu/c++/12]
    add: [/usr/lib/gcc/x86_64-linux-gnu/12/../../../../include/c++/12/backward]
    add: [/opt/rocm-6.0.2/lib/llvm/lib/clang/17.0.0/include]
    add: [/usr/local/include]
    add: [/usr/include/x86_64-linux-gnu]
    add: [/usr/include]
  end of search list found
  collapse include dir [/opt/rocm-6.0.2/lib/llvm/bin/../../../include] ==> [/opt/rocm-6.0.2/include]
  collapse include dir [/opt/rocm-6.0.2/lib/llvm/lib/clang/17.0.0/include/cuda_wrappers] ==> [/opt/rocm-6.0.2/lib/llvm/lib/clang/17.0.0/include/cuda_wrappers]
  collapse include dir [/usr/lib/gcc/x86_64-linux-gnu/12/../../../../include/c++/12] ==> [/usr/include/c++/12]
  collapse include dir [/usr/lib/gcc/x86_64-linux-gnu/12/../../../../include/x86_64-linux-gnu/c++/12] ==> [/usr/include/x86_64-linux-gnu/c++/12]
  collapse include dir [/usr/lib/gcc/x86_64-linux-gnu/12/../../../../include/c++/12/backward] ==> [/usr/include/c++/12/backward]
  collapse include dir [/opt/rocm-6.0.2/lib/llvm/lib/clang/17.0.0/include] ==> [/opt/rocm-6.0.2/lib/llvm/lib/clang/17.0.0/include]
  collapse include dir [/usr/local/include] ==> [/usr/local/include]
  collapse include dir [/usr/include/x86_64-linux-gnu] ==> [/usr/include/x86_64-linux-gnu]
  collapse include dir [/usr/include] ==> [/usr/include]
  implicit include dirs: [/opt/rocm-6.0.2/include;/opt/rocm-6.0.2/lib/llvm/lib/clang/17.0.0/include/cuda_wrappers;/usr/include/c++/12;/usr/include/x86_64-linux-gnu/c++/12;/usr/include/c++/12/backward;/opt/rocm-6.0.2/lib/llvm/lib/clang/17.0.0/include;/usr/local/include;/usr/include/x86_64-linux-gnu;/usr/include]


Parsed HIP implicit link information from above output:
  link line regex: [^( *|.*[/\])(ld\.lld|CMAKE_LINK_STARTFILE-NOTFOUND|([^/\]+-)?ld|collect2)[^/\]*( |$)]
  ignore line: [Change Dir: /home/rocm-user/project/HIP_example/HIP-Examples/clang/build/CMakeFiles/CMakeTmp]
  ignore line: []
  ignore line: [Run Build Command(s):/usr/bin/gmake -f Makefile cmTC_d3846/fast && /usr/bin/gmake  -f CMakeFiles/cmTC_d3846.dir/build.make CMakeFiles/cmTC_d3846.dir/build]
  ignore line: [gmake[1]: Entering directory '/home/rocm-user/project/HIP_example/HIP-Examples/clang/build/CMakeFiles/CMakeTmp']
  ignore line: [Building HIP object CMakeFiles/cmTC_d3846.dir/CMakeHIPCompilerABI.hip.o]
  ignore line: [/opt/rocm-6.0.2/llvm/bin/clang++ -D__HIP_ROCclr__=1 -isystem /opt/rocm-6.0.2/include --cuda-host-only  --offload-arch=gfx1100   -v -mllvm -amdgpu-early-inline-all=true -mllvm -amdgpu-function-calls=false -o CMakeFiles/cmTC_d3846.dir/CMakeHIPCompilerABI.hip.o -x hip -c /usr/share/cmake-3.22/Modules/CMakeHIPCompilerABI.hip]
  ignore line: [AMD clang version 17.0.0 (https://github.com/RadeonOpenCompute/llvm-project roc-6.0.2 24012 af27734ed982b52a9f1be0f035ac91726fc697e4)]
  ignore line: [Target: x86_64-unknown-linux-gnu]
  ignore line: [Thread model: posix]
  ignore line: [InstalledDir: /opt/rocm-6.0.2/llvm/bin]
  ignore line: [Configuration file: /opt/rocm-6.0.2/lib/llvm/bin/clang++.cfg]
  ignore line: [Found candidate GCC installation: /usr/lib/gcc/x86_64-linux-gnu/11]
  ignore line: [Found candidate GCC installation: /usr/lib/gcc/x86_64-linux-gnu/12]
  ignore line: [Selected GCC installation: /usr/lib/gcc/x86_64-linux-gnu/12]
  ignore line: [Candidate multilib: .]
  ignore line: [@m64]
  ignore line: [Selected multilib: .]
  ignore line: [@m64]
  ignore line: [Found HIP installation: /opt/rocm-6.0.2/lib/llvm/bin/../../..  version 6.0.32831]
  ignore line: [ (in-process)]
  ignore line: [ "/opt/rocm-6.0.2/lib/llvm/bin/clang-17" -cc1 -triple x86_64-unknown-linux-gnu -aux-triple amdgcn-amd-amdhsa -emit-obj -mrelax-all -disable-free -clear-ast-before-backend -disable-llvm-verifier -discard-value-names -main-file-name CMakeHIPCompilerABI.hip -mrelocation-model static -mframe-pointer=all -fmath-errno -fno-rounding-math -mconstructor-aliases -funwind-tables=2 -target-cpu x86-64 -tune-cpu generic -debugger-tuning=gdb -v -fcoverage-compilation-dir=/home/rocm-user/project/HIP_example/HIP-Examples/clang/build/CMakeFiles/CMakeTmp -resource-dir /opt/rocm-6.0.2/lib/llvm/lib/clang/17.0.0 -internal-isystem /opt/rocm-6.0.2/lib/llvm/lib/clang/17.0.0/include/cuda_wrappers -idirafter /opt/rocm-6.0.2/lib/llvm/bin/../../../include -include __clang_hip_runtime_wrapper.h -isystem /opt/rocm-6.0.2/include -D __HIP_ROCclr__=1 -internal-isystem /usr/lib/gcc/x86_64-linux-gnu/12/../../../../include/c++/12 -internal-isystem /usr/lib/gcc/x86_64-linux-gnu/12/../../../../include/x86_64-linux-gnu/c++/12 -internal-isystem /usr/lib/gcc/x86_64-linux-gnu/12/../../../../include/c++/12/backward -internal-isystem /usr/lib/gcc/x86_64-linux-gnu/12/../../../../include/c++/12 -internal-isystem /usr/lib/gcc/x86_64-linux-gnu/12/../../../../include/x86_64-linux-gnu/c++/12 -internal-isystem /usr/lib/gcc/x86_64-linux-gnu/12/../../../../include/c++/12/backward -internal-isystem /opt/rocm-6.0.2/lib/llvm/lib/clang/17.0.0/include -internal-isystem /usr/local/include -internal-isystem /usr/lib/gcc/x86_64-linux-gnu/12/../../../../x86_64-linux-gnu/include -internal-externc-isystem /usr/include/x86_64-linux-gnu -internal-externc-isystem /include -internal-externc-isystem /usr/include -internal-isystem /opt/rocm-6.0.2/lib/llvm/lib/clang/17.0.0/include -internal-isystem /usr/local/include -internal-isystem /usr/lib/gcc/x86_64-linux-gnu/12/../../../../x86_64-linux-gnu/include -internal-externc-isystem /usr/include/x86_64-linux-gnu -internal-externc-isystem /include -internal-externc-isystem /usr/include -fdeprecated-macro -fdebug-compilation-dir=/home/rocm-user/project/HIP_example/HIP-Examples/clang/build/CMakeFiles/CMakeTmp -ferror-limit 19 -fhip-new-launch-api -fgnuc-version=4.2.1 -fcxx-exceptions -fexceptions -mllvm -amdgpu-early-inline-all=true -mllvm -amdgpu-function-calls=false -fcuda-allow-variadic-functions -faddrsig -D__GCC_HAVE_DWARF2_CFI_ASM=1 -o CMakeFiles/cmTC_d3846.dir/CMakeHIPCompilerABI.hip.o -x hip /usr/share/cmake-3.22/Modules/CMakeHIPCompilerABI.hip]
  ignore line: [clang -cc1 version 17.0.0 based upon LLVM 17.0.0git default target x86_64-unknown-linux-gnu]
  ignore line: [ignoring nonexistent directory "/usr/lib/gcc/x86_64-linux-gnu/12/../../../../x86_64-linux-gnu/include"]
  ignore line: [ignoring nonexistent directory "/include"]
  ignore line: [ignoring nonexistent directory "/usr/lib/gcc/x86_64-linux-gnu/12/../../../../x86_64-linux-gnu/include"]
  ignore line: [ignoring nonexistent directory "/include"]
  ignore line: [ignoring duplicate directory "/usr/lib/gcc/x86_64-linux-gnu/12/../../../../include/c++/12"]
  ignore line: [ignoring duplicate directory "/usr/lib/gcc/x86_64-linux-gnu/12/../../../../include/x86_64-linux-gnu/c++/12"]
  ignore line: [ignoring duplicate directory "/usr/lib/gcc/x86_64-linux-gnu/12/../../../../include/c++/12/backward"]
  ignore line: [ignoring duplicate directory "/opt/rocm-6.0.2/lib/llvm/lib/clang/17.0.0/include"]
  ignore line: [ignoring duplicate directory "/usr/local/include"]
  ignore line: [ignoring duplicate directory "/usr/include/x86_64-linux-gnu"]
  ignore line: [ignoring duplicate directory "/usr/include"]
  ignore line: [ignoring duplicate directory "/opt/rocm-6.0.2/lib/llvm/bin/../../../include"]
  ignore line: [#include "..." search starts here:]
  ignore line: [#include <...> search starts here:]
  ignore line: [ /opt/rocm-6.0.2/lib/llvm/bin/../../../include]
  ignore line: [ /opt/rocm-6.0.2/lib/llvm/lib/clang/17.0.0/include/cuda_wrappers]
  ignore line: [ /usr/lib/gcc/x86_64-linux-gnu/12/../../../../include/c++/12]
  ignore line: [ /usr/lib/gcc/x86_64-linux-gnu/12/../../../../include/x86_64-linux-gnu/c++/12]
  ignore line: [ /usr/lib/gcc/x86_64-linux-gnu/12/../../../../include/c++/12/backward]
  ignore line: [ /opt/rocm-6.0.2/lib/llvm/lib/clang/17.0.0/include]
  ignore line: [ /usr/local/include]
  ignore line: [ /usr/include/x86_64-linux-gnu]
  ignore line: [ /usr/include]
  ignore line: [End of search list.]
  ignore line: [Linking HIP executable cmTC_d3846]
  ignore line: [/usr/bin/cmake -E cmake_link_script CMakeFiles/cmTC_d3846.dir/link.txt --verbose=1]
  ignore line: [/opt/rocm-6.0.2/llvm/bin/clang++  --cuda-host-only  --offload-arch=gfx1100  -v --hip-link --rtlib=compiler-rt -unwindlib=libgcc CMakeFiles/cmTC_d3846.dir/CMakeHIPCompilerABI.hip.o -o cmTC_d3846  /opt/rocm-6.0.2/lib/libamdhip64.so.6.0.60002 ]
  ignore line: [AMD clang version 17.0.0 (https://github.com/RadeonOpenCompute/llvm-project roc-6.0.2 24012 af27734ed982b52a9f1be0f035ac91726fc697e4)]
  ignore line: [Target: x86_64-unknown-linux-gnu]
  ignore line: [Thread model: posix]
  ignore line: [InstalledDir: /opt/rocm-6.0.2/llvm/bin]
  ignore line: [Configuration file: /opt/rocm-6.0.2/lib/llvm/bin/clang++.cfg]
  ignore line: [Found candidate GCC installation: /usr/lib/gcc/x86_64-linux-gnu/11]
  ignore line: [Found candidate GCC installation: /usr/lib/gcc/x86_64-linux-gnu/12]
  ignore line: [Selected GCC installation: /usr/lib/gcc/x86_64-linux-gnu/12]
  ignore line: [Candidate multilib: .]
  ignore line: [@m64]
  ignore line: [Selected multilib: .]
  ignore line: [@m64]
  ignore line: [Found HIP installation: /opt/rocm-6.0.2/lib/llvm/bin/../../..  version 6.0.32831]
  link line: [ "/opt/rocm-6.0.2/llvm/bin/ld.lld" -z relro --hash-style=gnu --eh-frame-hdr -m elf_x86_64 -dynamic-linker /lib64/ld-linux-x86-64.so.2 -o cmTC_d3846 /lib/x86_64-linux-gnu/crt1.o /lib/x86_64-linux-gnu/crti.o /opt/rocm-6.0.2/lib/llvm/lib/clang/17.0.0/lib/linux/clang_rt.crtbegin-x86_64.o -L/usr/lib/gcc/x86_64-linux-gnu/12 -L/usr/lib/gcc/x86_64-linux-gnu/12/../../../../lib64 -L/lib/x86_64-linux-gnu -L/lib/../lib64 -L/usr/lib/x86_64-linux-gnu -L/usr/lib/../lib64 -L/lib -L/usr/lib --enable-new-dtags CMakeFiles/cmTC_d3846.dir/CMakeHIPCompilerABI.hip.o /opt/rocm-6.0.2/lib/libamdhip64.so.6.0.60002 -L/opt/rocm-6.0.2/lib/llvm/bin/../../../lib -rpath /opt/rocm-6.0.2/lib/llvm/bin/../../../lib -lamdhip64 -lstdc++ -lm /opt/rocm-6.0.2/lib/llvm/lib/clang/17.0.0/lib/linux/libclang_rt.builtins-x86_64.a -lgcc_s -lc /opt/rocm-6.0.2/lib/llvm/lib/clang/17.0.0/lib/linux/libclang_rt.builtins-x86_64.a -lgcc_s /opt/rocm-6.0.2/lib/llvm/lib/clang/17.0.0/lib/linux/clang_rt.crtend-x86_64.o /lib/x86_64-linux-gnu/crtn.o]
    arg [/opt/rocm-6.0.2/llvm/bin/ld.lld] ==> ignore
    arg [-zrelro] ==> ignore
    arg [--hash-style=gnu] ==> ignore
    arg [--eh-frame-hdr] ==> ignore
    arg [-m] ==> ignore
    arg [elf_x86_64] ==> ignore
    arg [-dynamic-linker] ==> ignore
    arg [/lib64/ld-linux-x86-64.so.2] ==> ignore
    arg [-o] ==> ignore
    arg [cmTC_d3846] ==> ignore
    arg [/lib/x86_64-linux-gnu/crt1.o] ==> obj [/lib/x86_64-linux-gnu/crt1.o]
    arg [/lib/x86_64-linux-gnu/crti.o] ==> obj [/lib/x86_64-linux-gnu/crti.o]
    arg [/opt/rocm-6.0.2/lib/llvm/lib/clang/17.0.0/lib/linux/clang_rt.crtbegin-x86_64.o] ==> obj [/opt/rocm-6.0.2/lib/llvm/lib/clang/17.0.0/lib/linux/clang_rt.crtbegin-x86_64.o]
    arg [-L/usr/lib/gcc/x86_64-linux-gnu/12] ==> dir [/usr/lib/gcc/x86_64-linux-gnu/12]
    arg [-L/usr/lib/gcc/x86_64-linux-gnu/12/../../../../lib64] ==> dir [/usr/lib/gcc/x86_64-linux-gnu/12/../../../../lib64]
    arg [-L/lib/x86_64-linux-gnu] ==> dir [/lib/x86_64-linux-gnu]
    arg [-L/lib/../lib64] ==> dir [/lib/../lib64]
    arg [-L/usr/lib/x86_64-linux-gnu] ==> dir [/usr/lib/x86_64-linux-gnu]
    arg [-L/usr/lib/../lib64] ==> dir [/usr/lib/../lib64]
    arg [-L/lib] ==> dir [/lib]
    arg [-L/usr/lib] ==> dir [/usr/lib]
    arg [--enable-new-dtags] ==> ignore
    arg [CMakeFiles/cmTC_d3846.dir/CMakeHIPCompilerABI.hip.o] ==> ignore
    arg [/opt/rocm-6.0.2/lib/libamdhip64.so.6.0.60002] ==> ignore
    arg [-L/opt/rocm-6.0.2/lib/llvm/bin/../../../lib] ==> dir [/opt/rocm-6.0.2/lib/llvm/bin/../../../lib]
    arg [-rpath] ==> ignore
    arg [/opt/rocm-6.0.2/lib/llvm/bin/../../../lib] ==> ignore
    arg [-lamdhip64] ==> lib [amdhip64]
    arg [-lstdc++] ==> lib [stdc++]
    arg [-lm] ==> lib [m]
    arg [/opt/rocm-6.0.2/lib/llvm/lib/clang/17.0.0/lib/linux/libclang_rt.builtins-x86_64.a] ==> lib [/opt/rocm-6.0.2/lib/llvm/lib/clang/17.0.0/lib/linux/libclang_rt.builtins-x86_64.a]
    arg [-lgcc_s] ==> lib [gcc_s]
    arg [-lc] ==> lib [c]
    arg [/opt/rocm-6.0.2/lib/llvm/lib/clang/17.0.0/lib/linux/libclang_rt.builtins-x86_64.a] ==> lib [/opt/rocm-6.0.2/lib/llvm/lib/clang/17.0.0/lib/linux/libclang_rt.builtins-x86_64.a]
    arg [-lgcc_s] ==> lib [gcc_s]
    arg [/opt/rocm-6.0.2/lib/llvm/lib/clang/17.0.0/lib/linux/clang_rt.crtend-x86_64.o] ==> obj [/opt/rocm-6.0.2/lib/llvm/lib/clang/17.0.0/lib/linux/clang_rt.crtend-x86_64.o]
    arg [/lib/x86_64-linux-gnu/crtn.o] ==> obj [/lib/x86_64-linux-gnu/crtn.o]
  remove lib [/opt/rocm-6.0.2/lib/llvm/lib/clang/17.0.0/lib/linux/libclang_rt.builtins-x86_64.a]
  remove lib [/opt/rocm-6.0.2/lib/llvm/lib/clang/17.0.0/lib/linux/libclang_rt.builtins-x86_64.a]
  collapse library dir [/usr/lib/gcc/x86_64-linux-gnu/12] ==> [/usr/lib/gcc/x86_64-linux-gnu/12]
  collapse library dir [/usr/lib/gcc/x86_64-linux-gnu/12/../../../../lib64] ==> [/usr/lib64]
  collapse library dir [/lib/x86_64-linux-gnu] ==> [/lib/x86_64-linux-gnu]
  collapse library dir [/lib/../lib64] ==> [/lib64]
  collapse library dir [/usr/lib/x86_64-linux-gnu] ==> [/usr/lib/x86_64-linux-gnu]
  collapse library dir [/usr/lib/../lib64] ==> [/usr/lib64]
  collapse library dir [/lib] ==> [/lib]
  collapse library dir [/usr/lib] ==> [/usr/lib]
  collapse library dir [/opt/rocm-6.0.2/lib/llvm/bin/../../../lib] ==> [/opt/rocm-6.0.2/lib]
  implicit libs: [amdhip64;stdc++;m;gcc_s;c;gcc_s]
  implicit objs: [/lib/x86_64-linux-gnu/crt1.o;/lib/x86_64-linux-gnu/crti.o;/opt/rocm-6.0.2/lib/llvm/lib/clang/17.0.0/lib/linux/clang_rt.crtbegin-x86_64.o;/opt/rocm-6.0.2/lib/llvm/lib/clang/17.0.0/lib/linux/clang_rt.crtend-x86_64.o;/lib/x86_64-linux-gnu/crtn.o]
  implicit dirs: [/usr/lib/gcc/x86_64-linux-gnu/12;/usr/lib64;/lib/x86_64-linux-gnu;/lib64;/usr/lib/x86_64-linux-gnu;/lib;/usr/lib;/opt/rocm-6.0.2/lib]
  implicit fwks: []


